# JRE version: OpenJDK Runtime Environment (21.0.4) (build 21.0.4+-12508038-b607.1)
# Java VM: OpenJDK 64-Bit Server VM (21.0.4+-12508038-b607.1, mixed mode, tiered, compressed oops, compressed class ptrs, g1 gc, windows-amd64)
GC Precious Log:
 CardTable entry size: 512
 Card Set container configuration: InlinePtr #cards 5 size 8 Array Of Cards #cards 12 size 40 Howl #buckets 4 coarsen threshold 1843 Howl Bitmap #cards 512 size 80 coarsen threshold 460 Card regions per heap region 1 cards per card region 2048
 CPUs: 16 total, 16 available
 Memory: 16068M
 Large Page Support: Disabled
 NUMA Support: Disabled
 Compressed Oops: Enabled (32-bit)
 Heap Region Size: 1M
 Heap Min Capacity: 8M
 Heap Initial Capacity: 252M
 Heap Max Capacity: 2G
 Pre-touch: Disabled
 Parallel Workers: 13
 Concurrent Workers: 3
 Concurrent Refinement Workers: 13
 Periodic GC: Disabled
Heap:
 garbage-first heap   total 115712K, used 113191K [0x0000000080000000, 0x0000000100000000)
  region size 1024K, 47 young (48128K), 1 survivors (1024K)
 Metaspace       used 74714K, committed 76544K, reserved 1179648K
  class space    used 10090K, committed 11008K, reserved 1048576K
GC Heap History (20 events):
Event: 1.922 GC heap after
{Heap after GC invocations=8 (full 0):
 garbage-first heap   total 88064K, used 28017K [0x0000000080000000, 0x0000000100000000)
  region size 1024K, 3 young (3072K), 3 survivors (3072K)
 Metaspace       used 35378K, committed 36288K, reserved 1114112K
  class space    used 4668K, committed 5120K, reserved 1048576K
}
Event: 2.379 GC heap before
{Heap before GC invocations=9 (full 0):
 garbage-first heap   total 88064K, used 76145K [0x0000000080000000, 0x0000000100000000)
  region size 1024K, 50 young (51200K), 3 survivors (3072K)
 Metaspace       used 44015K, committed 45120K, reserved 1114112K
  class space    used 5817K, committed 6336K, reserved 1048576K
}
Event: 2.381 GC heap after
{Heap after GC invocations=10 (full 0):
 garbage-first heap   total 88064K, used 28756K [0x0000000080000000, 0x0000000100000000)
  region size 1024K, 5 young (5120K), 5 survivors (5120K)
 Metaspace       used 44015K, committed 45120K, reserved 1114112K
  class space    used 5817K, committed 6336K, reserved 1048576K
}
Event: 2.728 GC heap before
{Heap before GC invocations=10 (full 0):
 garbage-first heap   total 88064K, used 75860K [0x0000000080000000, 0x0000000100000000)
  region size 1024K, 51 young (52224K), 5 survivors (5120K)
 Metaspace       used 52372K, committed 53632K, reserved 1114112K
  class space    used 6922K, committed 7552K, reserved 1048576K
}
Event: 2.732 GC heap after
{Heap after GC invocations=11 (full 0):
 garbage-first heap   total 88064K, used 32912K [0x0000000080000000, 0x0000000100000000)
  region size 1024K, 7 young (7168K), 7 survivors (7168K)
 Metaspace       used 52372K, committed 53632K, reserved 1114112K
  class space    used 6922K, committed 7552K, reserved 1048576K
}
Event: 2.889 GC heap before
{Heap before GC invocations=11 (full 0):
 garbage-first heap   total 88064K, used 73872K [0x0000000080000000, 0x0000000100000000)
  region size 1024K, 48 young (49152K), 7 survivors (7168K)
 Metaspace       used 54156K, committed 55552K, reserved 1114112K
  class space    used 7124K, committed 7808K, reserved 1048576K
}
Event: 2.892 GC heap after
{Heap after GC invocations=12 (full 0):
 garbage-first heap   total 113664K, used 35315K [0x0000000080000000, 0x0000000100000000)
  region size 1024K, 3 young (3072K), 3 survivors (3072K)
 Metaspace       used 54156K, committed 55552K, reserved 1114112K
  class space    used 7124K, committed 7808K, reserved 1048576K
}
Event: 3.305 GC heap before
{Heap before GC invocations=12 (full 0):
 garbage-first heap   total 113664K, used 89587K [0x0000000080000000, 0x0000000100000000)
  region size 1024K, 57 young (58368K), 3 survivors (3072K)
 Metaspace       used 59764K, committed 61376K, reserved 1114112K
  class space    used 8031K, committed 8832K, reserved 1048576K
}
Event: 3.308 GC heap after
{Heap after GC invocations=13 (full 0):
 garbage-first heap   total 113664K, used 37750K [0x0000000080000000, 0x0000000100000000)
  region size 1024K, 6 young (6144K), 6 survivors (6144K)
 Metaspace       used 59764K, committed 61376K, reserved 1114112K
  class space    used 8031K, committed 8832K, reserved 1048576K
}
Event: 3.832 GC heap before
{Heap before GC invocations=14 (full 0):
 garbage-first heap   total 113664K, used 99190K [0x0000000080000000, 0x0000000100000000)
  region size 1024K, 66 young (67584K), 6 survivors (6144K)
 Metaspace       used 67799K, committed 69504K, reserved 1114112K
  class space    used 9247K, committed 10112K, reserved 1048576K
}
Event: 3.835 GC heap after
{Heap after GC invocations=15 (full 0):
 garbage-first heap   total 113664K, used 40951K [0x0000000080000000, 0x0000000100000000)
  region size 1024K, 7 young (7168K), 7 survivors (7168K)
 Metaspace       used 67799K, committed 69504K, reserved 1114112K
  class space    used 9247K, committed 10112K, reserved 1048576K
}
Event: 4.284 GC heap before
{Heap before GC invocations=15 (full 0):
 garbage-first heap   total 113664K, used 98295K [0x0000000080000000, 0x0000000100000000)
  region size 1024K, 63 young (64512K), 7 survivors (7168K)
 Metaspace       used 71237K, committed 73024K, reserved 1114112K
  class space    used 9682K, committed 10560K, reserved 1048576K
}
Event: 4.289 GC heap after
{Heap after GC invocations=16 (full 0):
 garbage-first heap   total 113664K, used 46301K [0x0000000080000000, 0x0000000100000000)
  region size 1024K, 8 young (8192K), 8 survivors (8192K)
 Metaspace       used 71237K, committed 73024K, reserved 1114112K
  class space    used 9682K, committed 10560K, reserved 1048576K
}
Event: 4.425 GC heap before
{Heap before GC invocations=16 (full 0):
 garbage-first heap   total 113664K, used 96477K [0x0000000080000000, 0x0000000100000000)
  region size 1024K, 58 young (59392K), 8 survivors (8192K)
 Metaspace       used 71798K, committed 73536K, reserved 1114112K
  class space    used 9708K, committed 10560K, reserved 1048576K
}
Event: 4.428 GC heap after
{Heap after GC invocations=17 (full 0):
 garbage-first heap   total 113664K, used 49816K [0x0000000080000000, 0x0000000100000000)
  region size 1024K, 5 young (5120K), 5 survivors (5120K)
 Metaspace       used 71798K, committed 73536K, reserved 1114112K
  class space    used 9708K, committed 10560K, reserved 1048576K
}
Event: 4.513 GC heap before
{Heap before GC invocations=17 (full 0):
 garbage-first heap   total 113664K, used 98968K [0x0000000080000000, 0x0000000100000000)
  region size 1024K, 54 young (55296K), 5 survivors (5120K)
 Metaspace       used 71848K, committed 73600K, reserved 1114112K
  class space    used 9708K, committed 10560K, reserved 1048576K
}
Event: 4.515 GC heap after
{Heap after GC invocations=18 (full 0):
 garbage-first heap   total 113664K, used 50337K [0x0000000080000000, 0x0000000100000000)
  region size 1024K, 5 young (5120K), 5 survivors (5120K)
 Metaspace       used 71848K, committed 73600K, reserved 1114112K
  class space    used 9708K, committed 10560K, reserved 1048576K
}
Event: 4.608 GC heap before
{Heap before GC invocations=19 (full 0):
 garbage-first heap   total 113664K, used 99489K [0x0000000080000000, 0x0000000100000000)
  region size 1024K, 54 young (55296K), 5 survivors (5120K)
 Metaspace       used 71879K, committed 73664K, reserved 1114112K
  class space    used 9716K, committed 10624K, reserved 1048576K
}
Event: 4.610 GC heap after
{Heap after GC invocations=20 (full 0):
 garbage-first heap   total 113664K, used 51751K [0x0000000080000000, 0x0000000100000000)
  region size 1024K, 5 young (5120K), 5 survivors (5120K)
 Metaspace       used 71879K, committed 73664K, reserved 1114112K
  class space    used 9716K, committed 10624K, reserved 1048576K
}
Event: 4.856 GC heap before
{Heap before GC invocations=20 (full 0):
 garbage-first heap   total 113664K, used 112167K [0x0000000080000000, 0x0000000100000000)
  region size 1024K, 51 young (52224K), 5 survivors (5120K)
 Metaspace       used 74714K, committed 76544K, reserved 1179648K
  class space    used 10090K, committed 11008K, reserved 1048576K
}

