# JRE version: OpenJDK Runtime Environment (21.0.4) (build 21.0.4+-12508038-b607.1)
# Java VM: OpenJDK 64-Bit Server VM (21.0.4+-12508038-b607.1, mixed mode, tiered, compressed oops, compressed class ptrs, g1 gc, windows-amd64)
GC Precious Log:
 CardTable entry size: 512
 Card Set container configuration: InlinePtr #cards 5 size 8 Array Of Cards #cards 12 size 40 Howl #buckets 4 coarsen threshold 1843 Howl Bitmap #cards 512 size 80 coarsen threshold 460 Card regions per heap region 1 cards per card region 2048
 CPUs: 16 total, 16 available
 Memory: 16068M
 Large Page Support: Disabled
 NUMA Support: Disabled
 Compressed Oops: Enabled (32-bit)
 Heap Region Size: 1M
 Heap Min Capacity: 8M
 Heap Initial Capacity: 252M
 Heap Max Capacity: 2G
 Pre-touch: Disabled
 Parallel Workers: 13
 Concurrent Workers: 3
 Concurrent Refinement Workers: 13
 Periodic GC: Disabled
Heap:
 garbage-first heap   total 285696K, used 185849K [0x0000000080000000, 0x0000000100000000)
  region size 1024K, 8 young (8192K), 8 survivors (8192K)
 Metaspace       used 86868K, committed 88768K, reserved 1179648K
  class space    used 12121K, committed 13120K, reserved 1048576K
GC Heap History (20 events):
Event: 4.595 GC heap after
{Heap after GC invocations=23 (full 0):
 garbage-first heap   total 146432K, used 80589K [0x0000000080000000, 0x0000000100000000)
  region size 1024K, 5 young (5120K), 5 survivors (5120K)
 Metaspace       used 70774K, committed 72640K, reserved 1114112K
  class space    used 9635K, committed 10624K, reserved 1048576K
}
Event: 4.789 GC heap before
{Heap before GC invocations=23 (full 0):
 garbage-first heap   total 146432K, used 131789K [0x0000000080000000, 0x0000000100000000)
  region size 1024K, 56 young (57344K), 5 survivors (5120K)
 Metaspace       used 71117K, committed 72960K, reserved 1114112K
  class space    used 9695K, committed 10624K, reserved 1048576K
}
Event: 4.794 GC heap after
{Heap after GC invocations=24 (full 0):
 garbage-first heap   total 146432K, used 80976K [0x0000000080000000, 0x0000000100000000)
  region size 1024K, 5 young (5120K), 5 survivors (5120K)
 Metaspace       used 71117K, committed 72960K, reserved 1114112K
  class space    used 9695K, committed 10624K, reserved 1048576K
}
Event: 4.907 GC heap before
{Heap before GC invocations=24 (full 0):
 garbage-first heap   total 146432K, used 131152K [0x0000000080000000, 0x0000000100000000)
  region size 1024K, 55 young (56320K), 5 survivors (5120K)
 Metaspace       used 73393K, committed 75264K, reserved 1114112K
  class space    used 10042K, committed 11008K, reserved 1048576K
}
Event: 4.910 GC heap after
{Heap after GC invocations=25 (full 0):
 garbage-first heap   total 146432K, used 88544K [0x0000000080000000, 0x0000000100000000)
  region size 1024K, 7 young (7168K), 7 survivors (7168K)
 Metaspace       used 73393K, committed 75264K, reserved 1114112K
  class space    used 10042K, committed 11008K, reserved 1048576K
}
Event: 4.931 GC heap before
{Heap before GC invocations=25 (full 0):
 garbage-first heap   total 146432K, used 129504K [0x0000000080000000, 0x0000000100000000)
  region size 1024K, 48 young (49152K), 7 survivors (7168K)
 Metaspace       used 73845K, committed 75712K, reserved 1114112K
  class space    used 10099K, committed 11072K, reserved 1048576K
}
Event: 4.933 GC heap after
{Heap after GC invocations=26 (full 0):
 garbage-first heap   total 146432K, used 96914K [0x0000000080000000, 0x0000000100000000)
  region size 1024K, 6 young (6144K), 6 survivors (6144K)
 Metaspace       used 73845K, committed 75712K, reserved 1114112K
  class space    used 10099K, committed 11072K, reserved 1048576K
}
Event: 4.971 GC heap before
{Heap before GC invocations=27 (full 0):
 garbage-first heap   total 162816K, used 129682K [0x0000000080000000, 0x0000000100000000)
  region size 1024K, 39 young (39936K), 6 survivors (6144K)
 Metaspace       used 74560K, committed 76416K, reserved 1179648K
  class space    used 10217K, committed 11200K, reserved 1048576K
}
Event: 4.973 GC heap after
{Heap after GC invocations=28 (full 0):
 garbage-first heap   total 162816K, used 104429K [0x0000000080000000, 0x0000000100000000)
  region size 1024K, 5 young (5120K), 5 survivors (5120K)
 Metaspace       used 74560K, committed 76416K, reserved 1179648K
  class space    used 10217K, committed 11200K, reserved 1048576K
}
Event: 5.035 GC heap before
{Heap before GC invocations=28 (full 0):
 garbage-first heap   total 162816K, used 143341K [0x0000000080000000, 0x0000000100000000)
  region size 1024K, 44 young (45056K), 5 survivors (5120K)
 Metaspace       used 75505K, committed 77376K, reserved 1179648K
  class space    used 10348K, committed 11328K, reserved 1048576K
}
Event: 5.037 GC heap after
{Heap after GC invocations=29 (full 0):
 garbage-first heap   total 252928K, used 112037K [0x0000000080000000, 0x0000000100000000)
  region size 1024K, 6 young (6144K), 6 survivors (6144K)
 Metaspace       used 75505K, committed 77376K, reserved 1179648K
  class space    used 10348K, committed 11328K, reserved 1048576K
}
Event: 5.275 GC heap before
{Heap before GC invocations=29 (full 0):
 garbage-first heap   total 252928K, used 214437K [0x0000000080000000, 0x0000000100000000)
  region size 1024K, 107 young (109568K), 6 survivors (6144K)
 Metaspace       used 81955K, committed 83840K, reserved 1179648K
  class space    used 11360K, committed 12352K, reserved 1048576K
}
Event: 5.281 GC heap after
{Heap after GC invocations=30 (full 0):
 garbage-first heap   total 252928K, used 123889K [0x0000000080000000, 0x0000000100000000)
  region size 1024K, 14 young (14336K), 14 survivors (14336K)
 Metaspace       used 81955K, committed 83840K, reserved 1179648K
  class space    used 11360K, committed 12352K, reserved 1048576K
}
Event: 5.403 GC heap before
{Heap before GC invocations=31 (full 0):
 garbage-first heap   total 252928K, used 221169K [0x0000000080000000, 0x0000000100000000)
  region size 1024K, 110 young (112640K), 14 survivors (14336K)
 Metaspace       used 83587K, committed 85440K, reserved 1179648K
  class space    used 11629K, committed 12608K, reserved 1048576K
}
Event: 5.412 GC heap after
{Heap after GC invocations=32 (full 0):
 garbage-first heap   total 253952K, used 140898K [0x0000000080000000, 0x0000000100000000)
  region size 1024K, 14 young (14336K), 14 survivors (14336K)
 Metaspace       used 83587K, committed 85440K, reserved 1179648K
  class space    used 11629K, committed 12608K, reserved 1048576K
}
Event: 5.508 GC heap before
{Heap before GC invocations=32 (full 0):
 garbage-first heap   total 253952K, used 219746K [0x0000000080000000, 0x0000000100000000)
  region size 1024K, 92 young (94208K), 14 survivors (14336K)
 Metaspace       used 85737K, committed 87616K, reserved 1179648K
  class space    used 11982K, committed 12992K, reserved 1048576K
}
Event: 5.517 GC heap after
{Heap after GC invocations=33 (full 0):
 garbage-first heap   total 253952K, used 154624K [0x0000000080000000, 0x0000000100000000)
  region size 1024K, 12 young (12288K), 12 survivors (12288K)
 Metaspace       used 85737K, committed 87616K, reserved 1179648K
  class space    used 11982K, committed 12992K, reserved 1048576K
}
Event: 5.618 GC heap before
{Heap before GC invocations=33 (full 0):
 garbage-first heap   total 253952K, used 224256K [0x0000000080000000, 0x0000000100000000)
  region size 1024K, 80 young (81920K), 12 survivors (12288K)
 Metaspace       used 86414K, committed 88256K, reserved 1179648K
  class space    used 12075K, committed 13056K, reserved 1048576K
}
Event: 5.626 GC heap after
{Heap after GC invocations=34 (full 0):
 garbage-first heap   total 253952K, used 171008K [0x0000000080000000, 0x0000000100000000)
  region size 1024K, 10 young (10240K), 10 survivors (10240K)
 Metaspace       used 86414K, committed 88256K, reserved 1179648K
  class space    used 12075K, committed 13056K, reserved 1048576K
}
Event: 5.713 GC heap before
{Heap before GC invocations=34 (full 0):
 garbage-first heap   total 285696K, used 225280K [0x0000000080000000, 0x0000000100000000)
  region size 1024K, 64 young (65536K), 10 survivors (10240K)
 Metaspace       used 86868K, committed 88768K, reserved 1179648K
  class space    used 12121K, committed 13120K, reserved 1048576K
}

