# JRE version: OpenJDK Runtime Environment (21.0.4) (build 21.0.4+-12508038-b607.1)
# Java VM: OpenJDK 64-Bit Server VM (21.0.4+-12508038-b607.1, mixed mode, tiered, compressed oops, compressed class ptrs, g1 gc, windows-amd64)
GC Precious Log:
 CardTable entry size: 512
 Card Set container configuration: InlinePtr #cards 5 size 8 Array Of Cards #cards 12 size 40 Howl #buckets 4 coarsen threshold 1843 Howl Bitmap #cards 512 size 80 coarsen threshold 460 Card regions per heap region 1 cards per card region 2048
 CPUs: 16 total, 16 available
 Memory: 16068M
 Large Page Support: Disabled
 NUMA Support: Disabled
 Compressed Oops: Enabled (32-bit)
 Heap Region Size: 1M
 Heap Min Capacity: 8M
 Heap Initial Capacity: 252M
 Heap Max Capacity: 2G
 Pre-touch: Disabled
 Parallel Workers: 13
 Concurrent Workers: 3
 Concurrent Refinement Workers: 13
 Periodic GC: Disabled
Heap:
 garbage-first heap   total 261120K, used 126117K [0x0000000080000000, 0x0000000100000000)
  region size 1024K, 4 young (4096K), 4 survivors (4096K)
 Metaspace       used 80877K, committed 82816K, reserved 1179648K
  class space    used 11272K, committed 12288K, reserved 1048576K
GC Heap History (20 events):
Event: 3.772 GC heap after
{Heap after GC invocations=16 (full 0):
 garbage-first heap   total 133120K, used 71748K [0x0000000080000000, 0x0000000100000000)
  region size 1024K, 4 young (4096K), 4 survivors (4096K)
 Metaspace       used 69380K, committed 71232K, reserved 1114112K
  class space    used 9477K, committed 10432K, reserved 1048576K
}
Event: 3.898 GC heap before
{Heap before GC invocations=16 (full 0):
 garbage-first heap   total 133120K, used 116804K [0x0000000080000000, 0x0000000100000000)
  region size 1024K, 49 young (50176K), 4 survivors (4096K)
 Metaspace       used 70551K, committed 72384K, reserved 1114112K
  class space    used 9690K, committed 10624K, reserved 1048576K
}
Event: 3.901 GC heap after
{Heap after GC invocations=17 (full 0):
 garbage-first heap   total 133120K, used 77337K [0x0000000080000000, 0x0000000100000000)
  region size 1024K, 6 young (6144K), 6 survivors (6144K)
 Metaspace       used 70551K, committed 72384K, reserved 1114112K
  class space    used 9690K, committed 10624K, reserved 1048576K
}
Event: 3.993 GC heap before
{Heap before GC invocations=18 (full 0):
 garbage-first heap   total 133120K, used 118297K [0x0000000080000000, 0x0000000100000000)
  region size 1024K, 47 young (48128K), 6 survivors (6144K)
 Metaspace       used 70791K, committed 72640K, reserved 1114112K
  class space    used 9700K, committed 10688K, reserved 1048576K
}
Event: 3.996 GC heap after
{Heap after GC invocations=19 (full 0):
 garbage-first heap   total 133120K, used 78827K [0x0000000080000000, 0x0000000100000000)
  region size 1024K, 4 young (4096K), 4 survivors (4096K)
 Metaspace       used 70791K, committed 72640K, reserved 1114112K
  class space    used 9700K, committed 10688K, reserved 1048576K
}
Event: 4.083 GC heap before
{Heap before GC invocations=19 (full 0):
 garbage-first heap   total 133120K, used 118763K [0x0000000080000000, 0x0000000100000000)
  region size 1024K, 44 young (45056K), 4 survivors (4096K)
 Metaspace       used 70859K, committed 72704K, reserved 1114112K
  class space    used 9700K, committed 10688K, reserved 1048576K
}
Event: 4.086 GC heap after
{Heap after GC invocations=20 (full 0):
 garbage-first heap   total 133120K, used 78910K [0x0000000080000000, 0x0000000100000000)
  region size 1024K, 4 young (4096K), 4 survivors (4096K)
 Metaspace       used 70859K, committed 72704K, reserved 1114112K
  class space    used 9700K, committed 10688K, reserved 1048576K
}
Event: 4.147 GC heap before
{Heap before GC invocations=20 (full 0):
 garbage-first heap   total 133120K, used 118846K [0x0000000080000000, 0x0000000100000000)
  region size 1024K, 44 young (45056K), 4 survivors (4096K)
 Metaspace       used 70992K, committed 72896K, reserved 1114112K
  class space    used 9713K, committed 10688K, reserved 1048576K
}
Event: 4.150 GC heap after
{Heap after GC invocations=21 (full 0):
 garbage-first heap   total 159744K, used 80353K [0x0000000080000000, 0x0000000100000000)
  region size 1024K, 4 young (4096K), 4 survivors (4096K)
 Metaspace       used 70992K, committed 72896K, reserved 1114112K
  class space    used 9713K, committed 10688K, reserved 1048576K
}
Event: 4.317 GC heap before
{Heap before GC invocations=22 (full 0):
 garbage-first heap   total 159744K, used 142817K [0x0000000080000000, 0x0000000100000000)
  region size 1024K, 66 young (67584K), 4 survivors (4096K)
 Metaspace       used 73601K, committed 75520K, reserved 1114112K
  class space    used 10123K, committed 11136K, reserved 1048576K
}
Event: 4.320 GC heap after
{Heap after GC invocations=23 (full 0):
 garbage-first heap   total 159744K, used 88140K [0x0000000080000000, 0x0000000100000000)
  region size 1024K, 9 young (9216K), 9 survivors (9216K)
 Metaspace       used 73601K, committed 75520K, reserved 1114112K
  class space    used 10123K, committed 11136K, reserved 1048576K
}
Event: 4.338 GC heap before
{Heap before GC invocations=23 (full 0):
 garbage-first heap   total 159744K, used 139340K [0x0000000080000000, 0x0000000100000000)
  region size 1024K, 60 young (61440K), 9 survivors (9216K)
 Metaspace       used 74043K, committed 75968K, reserved 1114112K
  class space    used 10182K, committed 11200K, reserved 1048576K
}
Event: 4.341 GC heap after
{Heap after GC invocations=24 (full 0):
 garbage-first heap   total 162816K, used 97384K [0x0000000080000000, 0x0000000100000000)
  region size 1024K, 8 young (8192K), 8 survivors (8192K)
 Metaspace       used 74043K, committed 75968K, reserved 1114112K
  class space    used 10182K, committed 11200K, reserved 1048576K
}
Event: 4.361 GC heap before
{Heap before GC invocations=24 (full 0):
 garbage-first heap   total 162816K, used 142440K [0x0000000080000000, 0x0000000100000000)
  region size 1024K, 53 young (54272K), 8 survivors (8192K)
 Metaspace       used 74555K, committed 76544K, reserved 1114112K
  class space    used 10250K, committed 11264K, reserved 1048576K
}
Event: 4.364 GC heap after
{Heap after GC invocations=25 (full 0):
 garbage-first heap   total 162816K, used 108066K [0x0000000080000000, 0x0000000100000000)
  region size 1024K, 7 young (7168K), 7 survivors (7168K)
 Metaspace       used 74555K, committed 76544K, reserved 1114112K
  class space    used 10250K, committed 11264K, reserved 1048576K
}
Event: 4.407 GC heap before
{Heap before GC invocations=25 (full 0):
 garbage-first heap   total 181248K, used 143906K [0x0000000080000000, 0x0000000100000000)
  region size 1024K, 43 young (44032K), 7 survivors (7168K)
 Metaspace       used 74928K, committed 76928K, reserved 1179648K
  class space    used 10300K, committed 11328K, reserved 1048576K
}
Event: 4.410 GC heap after
{Heap after GC invocations=26 (full 0):
 garbage-first heap   total 181248K, used 116736K [0x0000000080000000, 0x0000000100000000)
  region size 1024K, 6 young (6144K), 6 survivors (6144K)
 Metaspace       used 74928K, committed 76928K, reserved 1179648K
  class space    used 10300K, committed 11328K, reserved 1048576K
}
Event: 4.514 GC heap before
{Heap before GC invocations=27 (full 0):
 garbage-first heap   total 181248K, used 159744K [0x0000000080000000, 0x0000000100000000)
  region size 1024K, 49 young (50176K), 6 survivors (6144K)
 Metaspace       used 77544K, committed 79424K, reserved 1179648K
  class space    used 10723K, committed 11712K, reserved 1048576K
}
Event: 4.516 GC heap after
{Heap after GC invocations=28 (full 0):
 garbage-first heap   total 181248K, used 123740K [0x0000000080000000, 0x0000000100000000)
  region size 1024K, 7 young (7168K), 7 survivors (7168K)
 Metaspace       used 77544K, committed 79424K, reserved 1179648K
  class space    used 10723K, committed 11712K, reserved 1048576K
}
Event: 4.633 GC heap before
{Heap before GC invocations=28 (full 0):
 garbage-first heap   total 181248K, used 161628K [0x0000000080000000, 0x0000000100000000)
  region size 1024K, 45 young (46080K), 7 survivors (7168K)
 Metaspace       used 80877K, committed 82816K, reserved 1179648K
  class space    used 11272K, committed 12288K, reserved 1048576K
}

