# JRE version: OpenJDK Runtime Environment (21.0.4) (build 21.0.4+-12508038-b607.1)
# Java VM: OpenJDK 64-Bit Server VM (21.0.4+-12508038-b607.1, mixed mode, tiered, compressed oops, compressed class ptrs, g1 gc, windows-amd64)
GC Precious Log:
 CardTable entry size: 512
 Card Set container configuration: InlinePtr #cards 5 size 8 Array Of Cards #cards 12 size 40 Howl #buckets 4 coarsen threshold 1843 Howl Bitmap #cards 512 size 80 coarsen threshold 460 Card regions per heap region 1 cards per card region 2048
 CPUs: 16 total, 16 available
 Memory: 16068M
 Large Page Support: Disabled
 NUMA Support: Disabled
 Compressed Oops: Enabled (32-bit)
 Heap Region Size: 1M
 Heap Min Capacity: 8M
 Heap Initial Capacity: 252M
 Heap Max Capacity: 2G
 Pre-touch: Disabled
 Parallel Workers: 13
 Concurrent Workers: 3
 Concurrent Refinement Workers: 13
 Periodic GC: Disabled
Heap:
 garbage-first heap   total 128000K, used 97971K [0x0000000080000000, 0x0000000100000000)
  region size 1024K, 26 young (26624K), 4 survivors (4096K)
 Metaspace       used 59997K, committed 61632K, reserved 1114112K
  class space    used 8048K, committed 8832K, reserved 1048576K
GC Heap History (20 events):
Event: 1.297 GC heap before
{Heap before GC invocations=5 (full 0):
 garbage-first heap   total 75776K, used 73400K [0x0000000080000000, 0x0000000100000000)
  region size 1024K, 62 young (63488K), 10 survivors (10240K)
 Metaspace       used 29856K, committed 30464K, reserved 1114112K
  class space    used 3793K, committed 4032K, reserved 1048576K
}
Event: 1.301 GC heap after
{Heap after GC invocations=6 (full 0):
 garbage-first heap   total 89088K, used 24537K [0x0000000080000000, 0x0000000100000000)
  region size 1024K, 13 young (13312K), 13 survivors (13312K)
 Metaspace       used 29856K, committed 30464K, reserved 1114112K
  class space    used 3793K, committed 4032K, reserved 1048576K
}
Event: 1.609 GC heap before
{Heap before GC invocations=6 (full 0):
 garbage-first heap   total 89088K, used 63449K [0x0000000080000000, 0x0000000100000000)
  region size 1024K, 52 young (53248K), 13 survivors (13312K)
 Metaspace       used 35022K, committed 35904K, reserved 1114112K
  class space    used 4672K, committed 5120K, reserved 1048576K
}
Event: 1.613 GC heap after
{Heap after GC invocations=7 (full 0):
 garbage-first heap   total 89088K, used 27409K [0x0000000080000000, 0x0000000100000000)
  region size 1024K, 7 young (7168K), 7 survivors (7168K)
 Metaspace       used 35022K, committed 35904K, reserved 1114112K
  class space    used 4672K, committed 5120K, reserved 1048576K
}
Event: 1.629 GC heap before
{Heap before GC invocations=7 (full 0):
 garbage-first heap   total 89088K, used 39697K [0x0000000080000000, 0x0000000100000000)
  region size 1024K, 10 young (10240K), 7 survivors (7168K)
 Metaspace       used 35110K, committed 35968K, reserved 1114112K
  class space    used 4683K, committed 5120K, reserved 1048576K
}
Event: 1.632 GC heap after
{Heap after GC invocations=8 (full 0):
 garbage-first heap   total 89088K, used 40447K [0x0000000080000000, 0x0000000100000000)
  region size 1024K, 6 young (6144K), 6 survivors (6144K)
 Metaspace       used 35110K, committed 35968K, reserved 1114112K
  class space    used 4683K, committed 5120K, reserved 1048576K
}
Event: 1.850 GC heap before
{Heap before GC invocations=9 (full 0):
 garbage-first heap   total 89088K, used 72191K [0x0000000080000000, 0x0000000100000000)
  region size 1024K, 36 young (36864K), 6 survivors (6144K)
 Metaspace       used 38694K, committed 39680K, reserved 1114112K
  class space    used 5253K, committed 5760K, reserved 1048576K
}
Event: 1.852 GC heap after
{Heap after GC invocations=10 (full 0):
 garbage-first heap   total 89088K, used 44901K [0x0000000080000000, 0x0000000100000000)
  region size 1024K, 5 young (5120K), 5 survivors (5120K)
 Metaspace       used 38694K, committed 39680K, reserved 1114112K
  class space    used 5253K, committed 5760K, reserved 1048576K
}
Event: 2.034 GC heap before
{Heap before GC invocations=10 (full 0):
 garbage-first heap   total 89088K, used 74597K [0x0000000080000000, 0x0000000100000000)
  region size 1024K, 34 young (34816K), 5 survivors (5120K)
 Metaspace       used 42753K, committed 43968K, reserved 1114112K
  class space    used 5924K, committed 6528K, reserved 1048576K
}
Event: 2.036 GC heap after
{Heap after GC invocations=11 (full 0):
 garbage-first heap   total 89088K, used 45726K [0x0000000080000000, 0x0000000100000000)
  region size 1024K, 5 young (5120K), 5 survivors (5120K)
 Metaspace       used 42753K, committed 43968K, reserved 1114112K
  class space    used 5924K, committed 6528K, reserved 1048576K
}
Event: 2.257 GC heap before
{Heap before GC invocations=11 (full 0):
 garbage-first heap   total 89088K, used 74398K [0x0000000080000000, 0x0000000100000000)
  region size 1024K, 34 young (34816K), 5 survivors (5120K)
 Metaspace       used 49005K, committed 50240K, reserved 1114112K
  class space    used 6620K, committed 7232K, reserved 1048576K
}
Event: 2.260 GC heap after
{Heap after GC invocations=12 (full 0):
 garbage-first heap   total 114688K, used 49841K [0x0000000080000000, 0x0000000100000000)
  region size 1024K, 5 young (5120K), 5 survivors (5120K)
 Metaspace       used 49005K, committed 50240K, reserved 1114112K
  class space    used 6620K, committed 7232K, reserved 1048576K
}
Event: 2.543 GC heap before
{Heap before GC invocations=13 (full 0):
 garbage-first heap   total 114688K, used 101041K [0x0000000080000000, 0x0000000100000000)
  region size 1024K, 51 young (52224K), 5 survivors (5120K)
 Metaspace       used 53037K, committed 54528K, reserved 1114112K
  class space    used 7096K, committed 7808K, reserved 1048576K
}
Event: 2.546 GC heap after
{Heap after GC invocations=14 (full 0):
 garbage-first heap   total 114688K, used 53614K [0x0000000080000000, 0x0000000100000000)
  region size 1024K, 7 young (7168K), 7 survivors (7168K)
 Metaspace       used 53037K, committed 54528K, reserved 1114112K
  class space    used 7096K, committed 7808K, reserved 1048576K
}
Event: 2.835 GC heap before
{Heap before GC invocations=14 (full 0):
 garbage-first heap   total 114688K, used 105838K [0x0000000080000000, 0x0000000100000000)
  region size 1024K, 51 young (52224K), 7 survivors (7168K)
 Metaspace       used 56607K, committed 58176K, reserved 1114112K
  class space    used 7657K, committed 8448K, reserved 1048576K
}
Event: 2.838 GC heap after
{Heap after GC invocations=15 (full 0):
 garbage-first heap   total 120832K, used 67011K [0x0000000080000000, 0x0000000100000000)
  region size 1024K, 6 young (6144K), 6 survivors (6144K)
 Metaspace       used 56607K, committed 58176K, reserved 1114112K
  class space    used 7657K, committed 8448K, reserved 1048576K
}
Event: 2.873 GC heap before
{Heap before GC invocations=15 (full 0):
 garbage-first heap   total 120832K, used 72131K [0x0000000080000000, 0x0000000100000000)
  region size 1024K, 12 young (12288K), 6 survivors (6144K)
 Metaspace       used 56858K, committed 58432K, reserved 1114112K
  class space    used 7703K, committed 8448K, reserved 1048576K
}
Event: 2.875 GC heap after
{Heap after GC invocations=16 (full 0):
 garbage-first heap   total 120832K, used 69884K [0x0000000080000000, 0x0000000100000000)
  region size 1024K, 3 young (3072K), 3 survivors (3072K)
 Metaspace       used 56858K, committed 58432K, reserved 1114112K
  class space    used 7703K, committed 8448K, reserved 1048576K
}
Event: 2.966 GC heap before
{Heap before GC invocations=17 (full 0):
 garbage-first heap   total 128000K, used 100604K [0x0000000080000000, 0x0000000100000000)
  region size 1024K, 26 young (26624K), 3 survivors (3072K)
 Metaspace       used 58982K, committed 60544K, reserved 1114112K
  class space    used 7872K, committed 8640K, reserved 1048576K
}
Event: 2.968 GC heap after
{Heap after GC invocations=18 (full 0):
 garbage-first heap   total 128000K, used 76467K [0x0000000080000000, 0x0000000100000000)
  region size 1024K, 4 young (4096K), 4 survivors (4096K)
 Metaspace       used 58982K, committed 60544K, reserved 1114112K
  class space    used 7872K, committed 8640K, reserved 1048576K
}

