# JRE version: OpenJDK Runtime Environment (21.0.4) (build 21.0.4+-12508038-b607.1)
# Java VM: OpenJDK 64-Bit Server VM (21.0.4+-12508038-b607.1, mixed mode, tiered, compressed oops, compressed class ptrs, g1 gc, windows-amd64)
GC Precious Log:
 CardTable entry size: 512
 Card Set container configuration: InlinePtr #cards 5 size 8 Array Of Cards #cards 12 size 40 Howl #buckets 4 coarsen threshold 1843 Howl Bitmap #cards 512 size 80 coarsen threshold 460 Card regions per heap region 1 cards per card region 2048
 CPUs: 16 total, 16 available
 Memory: 16068M
 Large Page Support: Disabled
 NUMA Support: Disabled
 Compressed Oops: Enabled (32-bit)
 Heap Region Size: 1M
 Heap Min Capacity: 8M
 Heap Initial Capacity: 252M
 Heap Max Capacity: 2G
 Pre-touch: Disabled
 Parallel Workers: 13
 Concurrent Workers: 3
 Concurrent Refinement Workers: 13
 Periodic GC: Disabled
Heap:
 garbage-first heap   total 149504K, used 93225K [0x0000000080000000, 0x0000000100000000)
  region size 1024K, 18 young (18432K), 6 survivors (6144K)
 Metaspace       used 70750K, committed 72576K, reserved 1114112K
  class space    used 9665K, committed 10560K, reserved 1048576K
GC Heap History (20 events):
Event: 1.323 GC heap before
{Heap before GC invocations=5 (full 0):
 garbage-first heap   total 75776K, used 73701K [0x0000000080000000, 0x0000000100000000)
  region size 1024K, 62 young (63488K), 10 survivors (10240K)
 Metaspace       used 29858K, committed 30464K, reserved 1114112K
  class space    used 3795K, committed 4096K, reserved 1048576K
}
Event: 1.328 GC heap after
{Heap after GC invocations=6 (full 0):
 garbage-first heap   total 89088K, used 24570K [0x0000000080000000, 0x0000000100000000)
  region size 1024K, 13 young (13312K), 13 survivors (13312K)
 Metaspace       used 29858K, committed 30464K, reserved 1114112K
  class space    used 3795K, committed 4096K, reserved 1048576K
}
Event: 4.452 GC heap before
{Heap before GC invocations=6 (full 0):
 garbage-first heap   total 89088K, used 63482K [0x0000000080000000, 0x0000000100000000)
  region size 1024K, 52 young (53248K), 13 survivors (13312K)
 Metaspace       used 35006K, committed 35904K, reserved 1114112K
  class space    used 4671K, committed 5120K, reserved 1048576K
}
Event: 4.456 GC heap after
{Heap after GC invocations=7 (full 0):
 garbage-first heap   total 89088K, used 27177K [0x0000000080000000, 0x0000000100000000)
  region size 1024K, 7 young (7168K), 7 survivors (7168K)
 Metaspace       used 35006K, committed 35904K, reserved 1114112K
  class space    used 4671K, committed 5120K, reserved 1048576K
}
Event: 4.468 GC heap before
{Heap before GC invocations=7 (full 0):
 garbage-first heap   total 89088K, used 36393K [0x0000000080000000, 0x0000000100000000)
  region size 1024K, 11 young (11264K), 7 survivors (7168K)
 Metaspace       used 35102K, committed 35968K, reserved 1114112K
  class space    used 4688K, committed 5120K, reserved 1048576K
}
Event: 4.471 GC heap after
{Heap after GC invocations=8 (full 0):
 garbage-first heap   total 89088K, used 34466K [0x0000000080000000, 0x0000000100000000)
  region size 1024K, 5 young (5120K), 5 survivors (5120K)
 Metaspace       used 35102K, committed 35968K, reserved 1114112K
  class space    used 4688K, committed 5120K, reserved 1048576K
}
Event: 4.750 GC heap before
{Heap before GC invocations=9 (full 0):
 garbage-first heap   total 89088K, used 79522K [0x0000000080000000, 0x0000000100000000)
  region size 1024K, 44 young (45056K), 5 survivors (5120K)
 Metaspace       used 39765K, committed 40832K, reserved 1114112K
  class space    used 5432K, committed 5952K, reserved 1048576K
}
Event: 4.752 GC heap after
{Heap after GC invocations=10 (full 0):
 garbage-first heap   total 91136K, used 45003K [0x0000000080000000, 0x0000000100000000)
  region size 1024K, 6 young (6144K), 6 survivors (6144K)
 Metaspace       used 39765K, committed 40832K, reserved 1114112K
  class space    used 5432K, committed 5952K, reserved 1048576K
}
Event: 4.979 GC heap before
{Heap before GC invocations=10 (full 0):
 garbage-first heap   total 91136K, used 78795K [0x0000000080000000, 0x0000000100000000)
  region size 1024K, 39 young (39936K), 6 survivors (6144K)
 Metaspace       used 44545K, committed 45952K, reserved 1114112K
  class space    used 6200K, committed 6912K, reserved 1048576K
}
Event: 4.981 GC heap after
{Heap after GC invocations=11 (full 0):
 garbage-first heap   total 91136K, used 46726K [0x0000000080000000, 0x0000000100000000)
  region size 1024K, 3 young (3072K), 3 survivors (3072K)
 Metaspace       used 44545K, committed 45952K, reserved 1114112K
  class space    used 6200K, committed 6912K, reserved 1048576K
}
Event: 5.150 GC heap before
{Heap before GC invocations=11 (full 0):
 garbage-first heap   total 91136K, used 79494K [0x0000000080000000, 0x0000000100000000)
  region size 1024K, 36 young (36864K), 3 survivors (3072K)
 Metaspace       used 49326K, committed 50624K, reserved 1114112K
  class space    used 6652K, committed 7296K, reserved 1048576K
}
Event: 5.152 GC heap after
{Heap after GC invocations=12 (full 0):
 garbage-first heap   total 91136K, used 50648K [0x0000000080000000, 0x0000000100000000)
  region size 1024K, 5 young (5120K), 5 survivors (5120K)
 Metaspace       used 49326K, committed 50624K, reserved 1114112K
  class space    used 6652K, committed 7296K, reserved 1048576K
}
Event: 5.371 GC heap before
{Heap before GC invocations=13 (full 0):
 garbage-first heap   total 91136K, used 85464K [0x0000000080000000, 0x0000000100000000)
  region size 1024K, 34 young (34816K), 5 survivors (5120K)
 Metaspace       used 52810K, committed 54208K, reserved 1114112K
  class space    used 7068K, committed 7744K, reserved 1048576K
}
Event: 5.373 GC heap after
{Heap after GC invocations=14 (full 0):
 garbage-first heap   total 144384K, used 54184K [0x0000000080000000, 0x0000000100000000)
  region size 1024K, 4 young (4096K), 4 survivors (4096K)
 Metaspace       used 52810K, committed 54208K, reserved 1114112K
  class space    used 7068K, committed 7744K, reserved 1048576K
}
Event: 5.797 GC heap before
{Heap before GC invocations=14 (full 0):
 garbage-first heap   total 144384K, used 135080K [0x0000000080000000, 0x0000000100000000)
  region size 1024K, 68 young (69632K), 4 survivors (4096K)
 Metaspace       used 58966K, committed 60608K, reserved 1114112K
  class space    used 7871K, committed 8704K, reserved 1048576K
}
Event: 5.801 GC heap after
{Heap after GC invocations=15 (full 0):
 garbage-first heap   total 149504K, used 76499K [0x0000000080000000, 0x0000000100000000)
  region size 1024K, 9 young (9216K), 9 survivors (9216K)
 Metaspace       used 58966K, committed 60608K, reserved 1114112K
  class space    used 7871K, committed 8704K, reserved 1048576K
}
Event: 6.039 GC heap before
{Heap before GC invocations=15 (full 0):
 garbage-first heap   total 149504K, used 129747K [0x0000000080000000, 0x0000000100000000)
  region size 1024K, 61 young (62464K), 9 survivors (9216K)
 Metaspace       used 63163K, committed 64768K, reserved 1114112K
  class space    used 8461K, committed 9280K, reserved 1048576K
}
Event: 6.042 GC heap after
{Heap after GC invocations=16 (full 0):
 garbage-first heap   total 149504K, used 79190K [0x0000000080000000, 0x0000000100000000)
  region size 1024K, 3 young (3072K), 3 survivors (3072K)
 Metaspace       used 63163K, committed 64768K, reserved 1114112K
  class space    used 8461K, committed 9280K, reserved 1048576K
}
Event: 6.402 GC heap before
{Heap before GC invocations=17 (full 0):
 garbage-first heap   total 149504K, used 131414K [0x0000000080000000, 0x0000000100000000)
  region size 1024K, 55 young (56320K), 3 survivors (3072K)
 Metaspace       used 69484K, committed 71232K, reserved 1114112K
  class space    used 9437K, committed 10304K, reserved 1048576K
}
Event: 6.405 GC heap after
{Heap after GC invocations=18 (full 0):
 garbage-first heap   total 149504K, used 81961K [0x0000000080000000, 0x0000000100000000)
  region size 1024K, 6 young (6144K), 6 survivors (6144K)
 Metaspace       used 69484K, committed 71232K, reserved 1114112K
  class space    used 9437K, committed 10304K, reserved 1048576K
}

